<?xml version="1.0" encoding="UTF-8"?>
<testng-results ignored="0" total="2" passed="2" failed="0" skipped="0">
  <reporter-output>
  </reporter-output>
  <suite started-at="2023-01-04T20:47:39 IST" name="Suite" finished-at="2023-01-04T20:49:07 IST" duration-ms="87640">
    <groups>
    </groups>
    <test started-at="2023-01-04T20:47:39 IST" name="Test" finished-at="2023-01-04T20:49:07 IST" duration-ms="87640">
      <class name="Com.Banking.TestCases.TC2_Banking_NewCustomer">
        <test-method is-config="true" signature="initialization(java.lang.String)[pri:0, instance:Com.Banking.TestCases.TC2_Banking_NewCustomer@2b48a640]" started-at="2023-01-04T20:48:17 IST" name="initialization" finished-at="2023-01-04T20:48:29 IST" duration-ms="11744" status="PASS">
          <params>
            <param index="0">
              <value>
                <![CDATA[Chrome]]>
              </value>
            </param>
          </params>
          <reporter-output>
          </reporter-output>
        </test-method> <!-- initialization -->
        <test-method signature="NewCustmer()[pri:0, instance:Com.Banking.TestCases.TC2_Banking_NewCustomer@2b48a640]" started-at="2023-01-04T20:48:29 IST" name="NewCustmer" finished-at="2023-01-04T20:48:56 IST" duration-ms="27601" status="PASS">
          <reporter-output>
          </reporter-output>
        </test-method> <!-- NewCustmer -->
        <test-method is-config="true" signature="Teardown()[pri:0, instance:Com.Banking.TestCases.TC2_Banking_NewCustomer@2b48a640]" started-at="2023-01-04T20:48:56 IST" name="Teardown" finished-at="2023-01-04T20:49:07 IST" duration-ms="10546" status="PASS">
          <reporter-output>
          </reporter-output>
        </test-method> <!-- Teardown -->
      </class> <!-- Com.Banking.TestCases.TC2_Banking_NewCustomer -->
      <class name="Com.Banking.TestCases.TC1_Banking_Login">
        <test-method is-config="true" signature="initialization(java.lang.String)[pri:0, instance:Com.Banking.TestCases.TC1_Banking_Login@27ff5d15]" started-at="2023-01-04T20:47:39 IST" name="initialization" finished-at="2023-01-04T20:48:01 IST" duration-ms="21723" status="PASS">
          <params>
            <param index="0">
              <value>
                <![CDATA[Chrome]]>
              </value>
            </param>
          </params>
          <reporter-output>
          </reporter-output>
        </test-method> <!-- initialization -->
        <test-method signature="LoginTest()[pri:0, instance:Com.Banking.TestCases.TC1_Banking_Login@27ff5d15]" started-at="2023-01-04T20:48:01 IST" name="LoginTest" finished-at="2023-01-04T20:48:05 IST" duration-ms="4332" status="PASS">
          <reporter-output>
          </reporter-output>
        </test-method> <!-- LoginTest -->
        <test-method is-config="true" signature="Teardown()[pri:0, instance:Com.Banking.TestCases.TC1_Banking_Login@27ff5d15]" started-at="2023-01-04T20:48:06 IST" name="Teardown" finished-at="2023-01-04T20:48:17 IST" duration-ms="11430" status="PASS">
          <reporter-output>
          </reporter-output>
        </test-method> <!-- Teardown -->
      </class> <!-- Com.Banking.TestCases.TC1_Banking_Login -->
    </test> <!-- Test -->
  </suite> <!-- Suite -->
</testng-results>
